<?xml version="1.0" encoding="UTF-8"?>
<testsuite xmlns:xsi="http://www.w3.org/2001/XMLSchema-instance" xsi:noNamespaceSchemaLocation="https://maven.apache.org/surefire/maven-surefire-plugin/xsd/surefire-test-report.xsd" name="pers.mrwangx.AppTest" time="0.021" tests="2" errors="0" skipped="1" failures="0">
  <properties>
    <property name="sun.desktop" value="windows"/>
    <property name="awt.toolkit" value="sun.awt.windows.WToolkit"/>
    <property name="file.encoding.pkg" value="sun.io"/>
    <property name="java.specification.version" value="1.8"/>
    <property name="sun.cpu.isalist" value="amd64"/>
    <property name="sun.jnu.encoding" value="GBK"/>
    <property name="java.class.path" value="D:\programing\idea_workplace\Tools\cqupt-crawler\target\test-classes;D:\programing\idea_workplace\Tools\cqupt-crawler\target\classes;D:\programing\java\mvnlib\junit\junit\4.11\junit-4.11.jar;D:\programing\java\mvnlib\org\hamcrest\hamcrest-core\1.3\hamcrest-core-1.3.jar;D:\programing\java\mvnlib\org\jsoup\jsoup\1.11.3\jsoup-1.11.3.jar;D:\programing\java\mvnlib\com\alibaba\fastjson\1.2.48\fastjson-1.2.48.jar;"/>
    <property name="java.vm.vendor" value="Oracle Corporation"/>
    <property name="sun.arch.data.model" value="64"/>
    <property name="user.variant" value=""/>
    <property name="java.vendor.url" value="http://java.oracle.com/"/>
    <property name="user.timezone" value="Asia/Shanghai"/>
    <property name="java.vm.specification.version" value="1.8"/>
    <property name="os.name" value="Windows 10"/>
    <property name="user.country" value="CN"/>
    <property name="sun.java.launcher" value="SUN_STANDARD"/>
    <property name="sun.boot.library.path" value="D:\programing\java\jdk\jre\bin"/>
    <property name="sun.java.command" value="C:\Users\MrWangx\AppData\Local\Temp\surefire4618901877196659712\surefirebooter7485150318984178391.jar C:\Users\MrWangx\AppData\Local\Temp\surefire4618901877196659712 2019-03-17T03-32-46_621-jvmRun1 surefire4486822689541640867tmp surefire_05712702488223857993tmp"/>
    <property name="surefire.test.class.path" value="D:\programing\idea_workplace\Tools\cqupt-crawler\target\test-classes;D:\programing\idea_workplace\Tools\cqupt-crawler\target\classes;D:\programing\java\mvnlib\junit\junit\4.11\junit-4.11.jar;D:\programing\java\mvnlib\org\hamcrest\hamcrest-core\1.3\hamcrest-core-1.3.jar;D:\programing\java\mvnlib\org\jsoup\jsoup\1.11.3\jsoup-1.11.3.jar;D:\programing\java\mvnlib\com\alibaba\fastjson\1.2.48\fastjson-1.2.48.jar;"/>
    <property name="sun.cpu.endian" value="little"/>
    <property name="user.home" value="C:\Users\MrWangx"/>
    <property name="user.language" value="zh"/>
    <property name="java.specification.vendor" value="Oracle Corporation"/>
    <property name="java.home" value="D:\programing\java\jdk\jre"/>
    <property name="basedir" value="D:\programing\idea_workplace\Tools\cqupt-crawler"/>
    <property name="file.separator" value="\"/>
    <property name="line.separator" value="&#10;"/>
    <property name="java.vm.specification.vendor" value="Oracle Corporation"/>
    <property name="java.specification.name" value="Java Platform API Specification"/>
    <property name="java.awt.graphicsenv" value="sun.awt.Win32GraphicsEnvironment"/>
    <property name="surefire.real.class.path" value="C:\Users\MrWangx\AppData\Local\Temp\surefire4618901877196659712\surefirebooter7485150318984178391.jar"/>
    <property name="sun.boot.class.path" value="D:\programing\java\jdk\jre\lib\resources.jar;D:\programing\java\jdk\jre\lib\rt.jar;D:\programing\java\jdk\jre\lib\sunrsasign.jar;D:\programing\java\jdk\jre\lib\jsse.jar;D:\programing\java\jdk\jre\lib\jce.jar;D:\programing\java\jdk\jre\lib\charsets.jar;D:\programing\java\jdk\jre\lib\jfr.jar;D:\programing\java\jdk\jre\classes"/>
    <property name="user.script" value=""/>
    <property name="sun.management.compiler" value="HotSpot 64-Bit Tiered Compilers"/>
    <property name="java.runtime.version" value="1.8.0_191-b12"/>
    <property name="user.name" value="MrWangx"/>
    <property name="path.separator" value=";"/>
    <property name="os.version" value="10.0"/>
    <property name="java.endorsed.dirs" value="D:\programing\java\jdk\jre\lib\endorsed"/>
    <property name="java.runtime.name" value="Java(TM) SE Runtime Environment"/>
    <property name="file.encoding" value="GBK"/>
    <property name="java.vm.name" value="Java HotSpot(TM) 64-Bit Server VM"/>
    <property name="localRepository" value="D:\programing\java\mvnlib"/>
    <property name="java.vendor.url.bug" value="http://bugreport.sun.com/bugreport/"/>
    <property name="java.io.tmpdir" value="C:\Users\MrWangx\AppData\Local\Temp\"/>
    <property name="idea.version" value="2018.3.2"/>
    <property name="java.version" value="1.8.0_191"/>
    <property name="user.dir" value="D:\programing\idea_workplace\Tools\cqupt-crawler"/>
    <property name="os.arch" value="amd64"/>
    <property name="java.vm.specification.name" value="Java Virtual Machine Specification"/>
    <property name="java.awt.printerjob" value="sun.awt.windows.WPrinterJob"/>
    <property name="sun.os.patch.level" value=""/>
    <property name="java.library.path" value="D:\programing\java\jdk\jre\bin;C:\WINDOWS\Sun\Java\bin;C:\WINDOWS\system32;C:\WINDOWS;C:\Program Files (x86)\Razer Chroma SDK\bin;C:\Program Files\Java\jre1.8.0_201\bin;D:\programing\java\jdk\bin;C:\Program Files\Razer Chroma SDK\bin;C:\Program Files (x86)\Common Files\Oracle\Java\javapath;C:\Windows\system32;C:\Windows;C:\Windows\System32\Wbem;C:\Windows\System32\WindowsPowerShell\v1.0\;C:\Windows\System32\OpenSSH\;D:\programing\tomcat\apache-tomcat-9.0.12\bin;C:\Program Files\MySQL\MySQL Utilities 1.6\;C:\Program Files\MySQL\MySQL Server 5.7\bin;C:\Program Files (x86)\NVIDIA Corporation\PhysX\Common;D:\programing\apache-maven-3.6.0\bin;D:\programing\CodeBlocks\MinGW\bin;C:\Windows\system32\config\systemprofile\AppData\Local\Microsoft\WindowsApps;D:\programing\scripts;D:\programing\Git\cmd;C:\WINDOWS\system32;C:\WINDOWS;C:\WINDOWS\System32\Wbem;C:\WINDOWS\System32\WindowsPowerShell\v1.0\;C:\WINDOWS\System32\OpenSSH\;C:\Program Files\NVIDIA Corporation\NVIDIA NvDLISR;D:\programing\zookeeper-3.4.10\bin;D:\programing\nginx-1.14.2;D:\programing\cmder;D:\programing\php\php-7.3.2;D:\programing\apache-httpserver\Apache24\bin;D:\programing\android_sdk\android-sdk-windows\tools;D:\programing\android_sdk\android-sdk-windows\platform-tools;D:\programing\Python\Scripts\;D:\programing\Python\;C:\Users\MrWangx\AppData\Local\Microsoft\WindowsApps;;D:\programing\Microsoft VS Code\bin;."/>
    <property name="java.vm.info" value="mixed mode"/>
    <property name="java.vendor" value="Oracle Corporation"/>
    <property name="java.vm.version" value="25.191-b12"/>
    <property name="java.ext.dirs" value="D:\programing\java\jdk\jre\lib\ext;C:\WINDOWS\Sun\Java\lib\ext"/>
    <property name="sun.io.unicode.encoding" value="UnicodeLittle"/>
    <property name="maven.repo.local" value="D:\programing\java\mvnlib"/>
    <property name="java.class.version" value="52.0"/>
  </properties>
  <testcase name="test1" classname="pers.mrwangx.AppTest" time="0">
    <skipped/>
  </testcase>
  <testcase name="test2" classname="pers.mrwangx.AppTest" time="0.001"/>
</testsuite>